<?xml version="1.0" encoding="UTF-8"?>
<!-- Generated by org.testng.reporters.JUnitXMLReporter -->
<testsuite hostname="ITSL-DT15" ignored="0" name="Test" tests="3" failures="0" timestamp="16 May 2018 08:37:40 GMT" time="21.803" errors="0">
  <testcase name="@BeforeMethod SetUp" time="21.731" classname="com.magento.qa.testcases.LoginTest">
    <failure type="java.lang.IllegalStateException" message="The path to the driver executable must be set by the webdriver.chrome.driver system property; for more information, see https://github.com/SeleniumHQ/selenium/wiki/ChromeDriver. The latest version can be downloaded from http://chromedriver.storage.googleapis.com/index.html">
      <![CDATA[java.lang.IllegalStateException: The path to the driver executable must be set by the webdriver.chrome.driver system property; for more information, see https://github.com/SeleniumHQ/selenium/wiki/ChromeDriver. The latest version can be downloaded from http://chromedriver.storage.googleapis.com/index.html
at com.google.common.base.Preconditions.checkState(Preconditions.java:754)
at org.openqa.selenium.remote.service.DriverService.findExecutable(DriverService.java:124)
at org.openqa.selenium.chrome.ChromeDriverService.access$000(ChromeDriverService.java:32)
at org.openqa.selenium.chrome.ChromeDriverService$Builder.findDefaultExecutable(ChromeDriverService.java:137)
at org.openqa.selenium.remote.service.DriverService$Builder.build(DriverService.java:329)
at org.openqa.selenium.chrome.ChromeDriverService.createDefaultService(ChromeDriverService.java:88)
at org.openqa.selenium.chrome.ChromeDriver.<init>(ChromeDriver.java:124)
at com.magento.qa.base.TestBase.initialization(TestBase.java:50)
at com.magento.qa.testcases.LoginTest.SetUp(LoginTest.java:26)
... Removed 28 stack frames]]>
    </failure>
  </testcase> <!-- @BeforeMethod SetUp -->
  <testcase name="@AfterMethod teardown" time="0.0" classname="com.magento.qa.testcases.LoginTest">
    <skipped/>
  </testcase> <!-- @AfterMethod teardown -->
  <testcase name="@BeforeMethod SetUp" time="0.0" classname="com.magento.qa.testcases.LoginTest">
    <skipped/>
  </testcase> <!-- @BeforeMethod SetUp -->
  <testcase name="@AfterMethod teardown" time="0.0" classname="com.magento.qa.testcases.LoginTest">
    <skipped/>
  </testcase> <!-- @AfterMethod teardown -->
  <testcase name="@BeforeMethod SetUp" time="0.0" classname="com.magento.qa.testcases.LoginTest">
    <skipped/>
  </testcase> <!-- @BeforeMethod SetUp -->
  <testcase name="@AfterMethod teardown" time="0.0" classname="com.magento.qa.testcases.LoginTest">
    <skipped/>
  </testcase> <!-- @AfterMethod teardown -->
  <testcase name="PageTitleTest" time="0.0" classname="com.magento.qa.testcases.LoginTest">
    <skipped/>
  </testcase> <!-- PageTitleTest -->
  <testcase name="ValidateMagentoImage" time="0.0" classname="com.magento.qa.testcases.LoginTest">
    <skipped/>
  </testcase> <!-- ValidateMagentoImage -->
  <testcase name="Logintest" time="0.005" classname="com.magento.qa.testcases.LoginTest">
    <skipped/>
  </testcase> <!-- Logintest -->
</testsuite> <!-- Test -->
